<?xml version="1.0" encoding="UTF-8"?>
<testsuite name="Log into HomePag" tests="1" skipped="0" failures="0" errors="0" timestamp="2020-07-17T02:26:45" hostname="DevOpsCores-MacBook-Pro.local" time="40.788">
  <properties/>
  <testcase name="Guest explores shore excursions destinations" classname="Log into HomePag" time="40.788"/>
  <system-out><![CDATA[1
1
Vancouver, British Columbia
]]></system-out>
  <system-err><![CDATA[Jul 16, 2020 9:26:45 PM org.openqa.selenium.remote.DesiredCapabilities chrome
INFO: Using `new ChromeOptions()` is preferred to `DesiredCapabilities.chrome()`
Starting ChromeDriver 84.0.4147.30 (48b3e868b4cc0aa7e8149519690b6f6949e110a8-refs/branch-heads/4147@{#310}) on port 45539
Only local connections are allowed.
Please see https://chromedriver.chromium.org/security-considerations for suggestions on keeping ChromeDriver safe.
[1594952805.970][WARNING]: FromSockAddr failed on netmask
ChromeDriver was started successfully.
Jul 16, 2020 9:26:47 PM org.openqa.selenium.remote.ProtocolHandshake createSession
INFO: Detected dialect: W3C
[Test worker] INFO net.thucydides.core.steps.ConsoleLoggingListener - 
        __    _____ _____ ____ _____   ____   _    ____  ____  _____ ____  
  _     \ \  |_   _| ____/ ___|_   _| |  _ \ / \  / ___|/ ___|| ____|  _ \ 
 (_)_____| |   | | |  _| \___ \ | |   | |_) / _ \ \___ \\___ \|  _| | | | |
  _|_____| |   | | | |___ ___) || |   |  __/ ___ \ ___) |___) | |___| |_| |
 (_)     | |   |_| |_____|____/ |_|   |_| /_/   \_\____/|____/|_____|____/ 
        /_/                                                                

TEST PASSED: Guest explores shore excursions destinations
----------------------------------------------------------------------------
]]></system-err>
</testsuite>
